<?xml version="1.0" encoding="UTF-8"?>
<!-- Generated by org.testng.reporters.JUnitReportReporter -->
<testsuite hostname="DESKTOP-G2OEN18" failures="0" tests="1" name="assertion.NewTest6" time="0.028" errors="0" timestamp="2023-03-09T12:19:34 IST" skipped="0">
  <testcase classname="assertion.NewTest6" name="f" time="0.028"/>
  <system-out/>
</testsuite> <!-- assertion.NewTest6 -->
