<?xml version="1.0" encoding="UTF-8"?>
<!-- Generated by org.testng.reporters.JUnitReportReporter -->
<testsuite hostname="DESKTOP-G2OEN18" failures="0" tests="1" name="assertion.NewTest1" time="15.285" errors="0" timestamp="2023-04-10T19:05:54 IST" skipped="0">
  <testcase classname="assertion.NewTest1" name="f1" time="15.285"/>
  <system-out/>
</testsuite> <!-- assertion.NewTest1 -->
