<?xml version="1.0" encoding="UTF-8"?>
<!-- Generated by org.testng.reporters.JUnitReportReporter -->
<testsuite hostname="DESKTOP-G2OEN18" failures="0" tests="1" name="assertion.NewTest5" time="0.032" errors="0" timestamp="2023-03-09T12:18:15 IST" skipped="0">
  <testcase classname="assertion.NewTest5" name="f" time="0.032"/>
  <system-out/>
</testsuite> <!-- assertion.NewTest5 -->
