<?xml version="1.0" encoding="UTF-8"?>
<!-- Generated by org.testng.reporters.JUnitReportReporter -->
<testsuite hostname="DESKTOP-G2OEN18" failures="0" tests="1" name="assertion.NewTest2" time="11.074" errors="0" timestamp="2023-03-09T12:06:27 IST" skipped="0">
  <testcase classname="assertion.NewTest2" name="f1" time="11.074"/>
  <system-out/>
</testsuite> <!-- assertion.NewTest2 -->
