<?xml version="1.0" encoding="UTF-8"?>
<!-- Generated by org.testng.reporters.JUnitReportReporter -->
<testsuite hostname="DESKTOP-G2OEN18" failures="0" tests="1" name="assertion.NewTest4" time="10.409" errors="0" timestamp="2023-03-09T12:16:43 IST" skipped="0">
  <testcase classname="assertion.NewTest4" name="f" time="10.409"/>
  <system-out/>
</testsuite> <!-- assertion.NewTest4 -->
